# JRE version: OpenJDK Runtime Environment 18.9 (11.0.11+9) (build 11.0.11+9)
# Java VM: OpenJDK 64-Bit Server VM 18.9 (11.0.11+9, mixed mode, tiered, compressed oops, g1 gc, windows-amd64)
Heap:
 garbage-first heap   total 262144K, used 98435K [0x0000000740000000, 0x0000000800000000)
  region size 1024K, 15 young (15360K), 1 survivors (1024K)
 Metaspace       used 92620K, capacity 95096K, committed 95212K, reserved 1132544K
  class space    used 11810K, capacity 12909K, committed 12928K, reserved 1048576K
GC Heap History (20 events):
Event: 575.030 GC heap before
{Heap before GC invocations=192 (full 128):
 garbage-first heap   total 262144K, used 143401K [0x0000000740000000, 0x0000000800000000)
  region size 1024K, 60 young (61440K), 2 survivors (2048K)
 Metaspace       used 92354K, capacity 94764K, committed 94956K, reserved 1132544K
  class space    used 11809K, capacity 12908K, committed 12928K, reserved 1048576K
}
Event: 575.031 GC heap after
{Heap after GC invocations=193 (full 128):
 garbage-first heap   total 262144K, used 84476K [0x0000000740000000, 0x0000000800000000)
  region size 1024K, 3 young (3072K), 3 survivors (3072K)
 Metaspace       used 92354K, capacity 94764K, committed 94956K, reserved 1132544K
  class space    used 11809K, capacity 12908K, committed 12928K, reserved 1048576K
}
Event: 583.739 GC heap before
{Heap before GC invocations=193 (full 128):
 garbage-first heap   total 262144K, used 142844K [0x0000000740000000, 0x0000000800000000)
  region size 1024K, 60 young (61440K), 3 survivors (3072K)
 Metaspace       used 92371K, capacity 94828K, committed 94956K, reserved 1132544K
  class space    used 11809K, capacity 12908K, committed 12928K, reserved 1048576K
}
Event: 583.741 GC heap after
{Heap after GC invocations=194 (full 128):
 garbage-first heap   total 262144K, used 83326K [0x0000000740000000, 0x0000000800000000)
  region size 1024K, 1 young (1024K), 1 survivors (1024K)
 Metaspace       used 92371K, capacity 94828K, committed 94956K, reserved 1132544K
  class space    used 11809K, capacity 12908K, committed 12928K, reserved 1048576K
}
Event: 586.492 GC heap before
{Heap before GC invocations=194 (full 128):
 garbage-first heap   total 262144K, used 143742K [0x0000000740000000, 0x0000000800000000)
  region size 1024K, 60 young (61440K), 1 survivors (1024K)
 Metaspace       used 92384K, capacity 94828K, committed 94956K, reserved 1132544K
  class space    used 11809K, capacity 12908K, committed 12928K, reserved 1048576K
}
Event: 586.494 GC heap after
{Heap after GC invocations=195 (full 128):
 garbage-first heap   total 262144K, used 83243K [0x0000000740000000, 0x0000000800000000)
  region size 1024K, 1 young (1024K), 1 survivors (1024K)
 Metaspace       used 92384K, capacity 94828K, committed 94956K, reserved 1132544K
  class space    used 11809K, capacity 12908K, committed 12928K, reserved 1048576K
}
Event: 589.222 GC heap before
{Heap before GC invocations=195 (full 128):
 garbage-first heap   total 262144K, used 143659K [0x0000000740000000, 0x0000000800000000)
  region size 1024K, 60 young (61440K), 1 survivors (1024K)
 Metaspace       used 92422K, capacity 94892K, committed 94956K, reserved 1132544K
  class space    used 11809K, capacity 12908K, committed 12928K, reserved 1048576K
}
Event: 589.224 GC heap after
{Heap after GC invocations=196 (full 128):
 garbage-first heap   total 262144K, used 84271K [0x0000000740000000, 0x0000000800000000)
  region size 1024K, 2 young (2048K), 2 survivors (2048K)
 Metaspace       used 92422K, capacity 94892K, committed 94956K, reserved 1132544K
  class space    used 11809K, capacity 12908K, committed 12928K, reserved 1048576K
}
Event: 595.189 GC heap before
{Heap before GC invocations=196 (full 128):
 garbage-first heap   total 262144K, used 143663K [0x0000000740000000, 0x0000000800000000)
  region size 1024K, 60 young (61440K), 2 survivors (2048K)
 Metaspace       used 92461K, capacity 94892K, committed 94956K, reserved 1132544K
  class space    used 11809K, capacity 12908K, committed 12928K, reserved 1048576K
}
Event: 595.192 GC heap after
{Heap after GC invocations=197 (full 128):
 garbage-first heap   total 262144K, used 85778K [0x0000000740000000, 0x0000000800000000)
  region size 1024K, 4 young (4096K), 4 survivors (4096K)
 Metaspace       used 92461K, capacity 94892K, committed 94956K, reserved 1132544K
  class space    used 11809K, capacity 12908K, committed 12928K, reserved 1048576K
}
Event: 601.753 GC heap before
{Heap before GC invocations=197 (full 128):
 garbage-first heap   total 262144K, used 143122K [0x0000000740000000, 0x0000000800000000)
  region size 1024K, 60 young (61440K), 4 survivors (4096K)
 Metaspace       used 92515K, capacity 94959K, committed 95212K, reserved 1132544K
  class space    used 11810K, capacity 12909K, committed 12928K, reserved 1048576K
}
Event: 601.757 GC heap after
{Heap after GC invocations=198 (full 128):
 garbage-first heap   total 262144K, used 89030K [0x0000000740000000, 0x0000000800000000)
  region size 1024K, 7 young (7168K), 7 survivors (7168K)
 Metaspace       used 92515K, capacity 94959K, committed 95212K, reserved 1132544K
  class space    used 11810K, capacity 12909K, committed 12928K, reserved 1048576K
}
Event: 602.342 GC heap before
{Heap before GC invocations=198 (full 128):
 garbage-first heap   total 262144K, used 138182K [0x0000000740000000, 0x0000000800000000)
  region size 1024K, 52 young (53248K), 7 survivors (7168K)
 Metaspace       used 92536K, capacity 94959K, committed 95212K, reserved 1132544K
  class space    used 11810K, capacity 12909K, committed 12928K, reserved 1048576K
}
Event: 602.420 GC heap after
{Heap after GC invocations=199 (full 129):
 garbage-first heap   total 262144K, used 84620K [0x0000000740000000, 0x0000000800000000)
  region size 1024K, 0 young (0K), 0 survivors (0K)
 Metaspace       used 92536K, capacity 94959K, committed 95212K, reserved 1132544K
  class space    used 11810K, capacity 12909K, committed 12928K, reserved 1048576K
}
Event: 605.423 GC heap before
{Heap before GC invocations=199 (full 129):
 garbage-first heap   total 262144K, used 146060K [0x0000000740000000, 0x0000000800000000)
  region size 1024K, 60 young (61440K), 0 survivors (0K)
 Metaspace       used 92559K, capacity 94959K, committed 95212K, reserved 1132544K
  class space    used 11810K, capacity 12909K, committed 12928K, reserved 1048576K
}
Event: 605.425 GC heap after
{Heap after GC invocations=200 (full 129):
 garbage-first heap   total 262144K, used 85724K [0x0000000740000000, 0x0000000800000000)
  region size 1024K, 2 young (2048K), 2 survivors (2048K)
 Metaspace       used 92559K, capacity 94959K, committed 95212K, reserved 1132544K
  class space    used 11810K, capacity 12909K, committed 12928K, reserved 1048576K
}
Event: 608.079 GC heap before
{Heap before GC invocations=200 (full 129):
 garbage-first heap   total 262144K, used 145116K [0x0000000740000000, 0x0000000800000000)
  region size 1024K, 60 young (61440K), 2 survivors (2048K)
 Metaspace       used 92569K, capacity 95023K, committed 95212K, reserved 1132544K
  class space    used 11810K, capacity 12909K, committed 12928K, reserved 1048576K
}
Event: 608.080 GC heap after
{Heap after GC invocations=201 (full 129):
 garbage-first heap   total 262144K, used 85070K [0x0000000740000000, 0x0000000800000000)
  region size 1024K, 1 young (1024K), 1 survivors (1024K)
 Metaspace       used 92569K, capacity 95023K, committed 95212K, reserved 1132544K
  class space    used 11810K, capacity 12909K, committed 12928K, reserved 1048576K
}
Event: 611.410 GC heap before
{Heap before GC invocations=201 (full 129):
 garbage-first heap   total 262144K, used 145486K [0x0000000740000000, 0x0000000800000000)
  region size 1024K, 60 young (61440K), 1 survivors (1024K)
 Metaspace       used 92612K, capacity 95096K, committed 95212K, reserved 1132544K
  class space    used 11810K, capacity 12909K, committed 12928K, reserved 1048576K
}
Event: 611.411 GC heap after
{Heap after GC invocations=202 (full 129):
 garbage-first heap   total 262144K, used 85123K [0x0000000740000000, 0x0000000800000000)
  region size 1024K, 1 young (1024K), 1 survivors (1024K)
 Metaspace       used 92612K, capacity 95096K, committed 95212K, reserved 1132544K
  class space    used 11810K, capacity 12909K, committed 12928K, reserved 1048576K
}

